2023-06-18 22:08:47,606 INFO c.u.p.ProducaoParImparJobApplication [main] Starting ProducaoParImparJobApplication using Java 17.0.7 with PID 30660 (C:\Users\trezi\Downloads\ProducaoParImparJob-Exercicio\target\classes started by trezi in C:\Users\trezi\Downloads\ProducaoParImparJob-Exercicio)
2023-06-18 22:08:47,610 INFO c.u.p.ProducaoParImparJobApplication [main] No active profile set, falling back to 1 default profile: "default"
2023-06-18 22:08:47,924 INFO o.s.b.c.c.a.BatchRegistrar [main] Finished Spring Batch infrastructure beans configuration in 11 ms.
2023-06-18 22:08:48,125 INFO o.s.c.a.ConfigurationClassEnhancer [main] @Bean method PropsConfig.config is non-static and returns an object assignable to Spring's BeanFactoryPostProcessor interface. This will result in a failure to process annotations such as @Autowired, @Resource and @PostConstruct within the method's declaring @Configuration class. Add the 'static' modifier to this method to avoid these container lifecycle issues; see @Bean javadoc for complete details.
2023-06-18 22:08:48,127 WARN o.s.c.a.AnnotationConfigApplicationContext [main] Exception encountered during context initialization - cancelling refresh attempt: org.springframework.beans.factory.BeanInitializationException: Could not load properties
2023-06-18 22:09:06,111 INFO c.u.p.ProducaoParImparJobApplication [main] Starting ProducaoParImparJobApplication using Java 17.0.7 with PID 53640 (C:\Users\trezi\Downloads\ProducaoParImparJob-Exercicio\target\classes started by trezi in C:\Users\trezi\Downloads\ProducaoParImparJob-Exercicio)
2023-06-18 22:09:06,114 INFO c.u.p.ProducaoParImparJobApplication [main] No active profile set, falling back to 1 default profile: "default"
2023-06-18 22:09:06,378 INFO o.s.b.c.c.a.BatchRegistrar [main] Finished Spring Batch infrastructure beans configuration in 8 ms.
2023-06-18 22:09:06,574 INFO o.s.c.a.ConfigurationClassEnhancer [main] @Bean method PropsConfig.config is non-static and returns an object assignable to Spring's BeanFactoryPostProcessor interface. This will result in a failure to process annotations such as @Autowired, @Resource and @PostConstruct within the method's declaring @Configuration class. Add the 'static' modifier to this method to avoid these container lifecycle issues; see @Bean javadoc for complete details.
2023-06-18 22:09:06,671 WARN o.s.c.a.AnnotationConfigApplicationContext [main] Exception encountered during context initialization - cancelling refresh attempt: org.springframework.beans.factory.UnsatisfiedDependencyException: Error creating bean with name 'imprimeParImparJob' defined in class path resource [com/udemy/parimparjob/job/ParImparJobConfig.class]: Unsatisfied dependency expressed through method 'imprimeParImparJob' parameter 0: Error creating bean with name 'dataSourceScriptDatabaseInitializer' defined in class path resource [org/springframework/boot/autoconfigure/sql/init/DataSourceInitializationConfiguration.class]: Unsatisfied dependency expressed through method 'dataSourceScriptDatabaseInitializer' parameter 0: Error creating bean with name 'dataSource' defined in class path resource [org/springframework/boot/autoconfigure/jdbc/DataSourceConfiguration$Hikari.class]: Failed to instantiate [com.zaxxer.hikari.HikariDataSource]: Factory method 'dataSource' threw exception with message: Failed to determine a suitable driver class
2023-06-18 22:18:50,133 INFO c.u.p.ProducaoParImparJobApplication [main] Starting ProducaoParImparJobApplication using Java 17.0.7 with PID 51148 (C:\Users\trezi\Downloads\ProducaoParImparJob-Exercicio\target\classes started by trezi in C:\Users\trezi\Downloads\ProducaoParImparJob-Exercicio)
2023-06-18 22:18:50,137 INFO c.u.p.ProducaoParImparJobApplication [main] No active profile set, falling back to 1 default profile: "default"
2023-06-18 22:18:50,407 INFO o.s.b.c.c.a.BatchRegistrar [main] Finished Spring Batch infrastructure beans configuration in 5 ms.
2023-06-18 22:18:50,595 INFO o.s.c.a.ConfigurationClassEnhancer [main] @Bean method PropsConfig.config is non-static and returns an object assignable to Spring's BeanFactoryPostProcessor interface. This will result in a failure to process annotations such as @Autowired, @Resource and @PostConstruct within the method's declaring @Configuration class. Add the 'static' modifier to this method to avoid these container lifecycle issues; see @Bean javadoc for complete details.
2023-06-18 22:18:50,727 WARN o.s.c.a.AnnotationConfigApplicationContext [main] Exception encountered during context initialization - cancelling refresh attempt: org.springframework.beans.factory.UnsatisfiedDependencyException: Error creating bean with name 'imprimeParImparJob' defined in class path resource [com/udemy/parimparjob/job/ParImparJobConfig.class]: Unsatisfied dependency expressed through method 'imprimeParImparJob' parameter 0: Error creating bean with name 'jobRepository': Cannot resolve reference to bean 'dataSource' while setting bean property 'dataSource'
2023-06-18 22:36:24,922 INFO c.u.p.ProducaoParImparJobApplication [main] Starting ProducaoParImparJobApplication using Java 17.0.7 with PID 4208 (C:\Users\trezi\Downloads\ProducaoParImparJob-Exercicio\target\classes started by trezi in C:\Users\trezi\Downloads\ProducaoParImparJob-Exercicio)
2023-06-18 22:36:24,925 INFO c.u.p.ProducaoParImparJobApplication [main] No active profile set, falling back to 1 default profile: "default"
2023-06-18 22:36:25,185 INFO o.s.b.c.c.a.BatchRegistrar [main] Finished Spring Batch infrastructure beans configuration in 5 ms.
2023-06-18 22:36:25,373 INFO o.s.c.a.ConfigurationClassEnhancer [main] @Bean method PropsConfig.config is non-static and returns an object assignable to Spring's BeanFactoryPostProcessor interface. This will result in a failure to process annotations such as @Autowired, @Resource and @PostConstruct within the method's declaring @Configuration class. Add the 'static' modifier to this method to avoid these container lifecycle issues; see @Bean javadoc for complete details.
2023-06-18 22:36:25,502 WARN o.s.c.a.AnnotationConfigApplicationContext [main] Exception encountered during context initialization - cancelling refresh attempt: org.springframework.beans.factory.UnsatisfiedDependencyException: Error creating bean with name 'imprimeParImparJob' defined in class path resource [com/udemy/parimparjob/job/ParImparJobConfig.class]: Unsatisfied dependency expressed through method 'imprimeParImparJob' parameter 0: No qualifying bean of type 'javax.sql.DataSource' available: expected at least 1 bean which qualifies as autowire candidate. Dependency annotations: {@org.springframework.beans.factory.annotation.Qualifier("app")}
2023-06-18 22:38:03,142 INFO c.u.p.ProducaoParImparJobApplication [main] Starting ProducaoParImparJobApplication using Java 17.0.7 with PID 32476 (C:\Users\trezi\Downloads\ProducaoParImparJob-Exercicio\target\classes started by trezi in C:\Users\trezi\Downloads\ProducaoParImparJob-Exercicio)
2023-06-18 22:38:03,145 INFO c.u.p.ProducaoParImparJobApplication [main] No active profile set, falling back to 1 default profile: "default"
2023-06-18 22:38:03,413 INFO o.s.b.c.c.a.BatchRegistrar [main] Finished Spring Batch infrastructure beans configuration in 4 ms.
2023-06-18 22:38:03,604 INFO o.s.c.a.ConfigurationClassEnhancer [main] @Bean method PropsConfig.config is non-static and returns an object assignable to Spring's BeanFactoryPostProcessor interface. This will result in a failure to process annotations such as @Autowired, @Resource and @PostConstruct within the method's declaring @Configuration class. Add the 'static' modifier to this method to avoid these container lifecycle issues; see @Bean javadoc for complete details.
2023-06-18 22:38:03,740 WARN o.s.c.a.AnnotationConfigApplicationContext [main] Exception encountered during context initialization - cancelling refresh attempt: org.springframework.beans.factory.UnsatisfiedDependencyException: Error creating bean with name 'imprimeParImparJob' defined in class path resource [com/udemy/parimparjob/job/ParImparJobConfig.class]: Unsatisfied dependency expressed through method 'imprimeParImparJob' parameter 1: Error creating bean with name 'jobRepository': Cannot resolve reference to bean 'dataSource' while setting bean property 'dataSource'
2023-06-18 22:40:57,925 INFO c.u.p.ProducaoParImparJobApplication [main] Starting ProducaoParImparJobApplication using Java 17.0.7 with PID 39928 (C:\Users\trezi\Downloads\ProducaoParImparJob-Exercicio\target\classes started by trezi in C:\Users\trezi\Downloads\ProducaoParImparJob-Exercicio)
2023-06-18 22:40:57,928 INFO c.u.p.ProducaoParImparJobApplication [main] No active profile set, falling back to 1 default profile: "default"
2023-06-18 22:40:58,209 INFO o.s.b.c.c.a.BatchRegistrar [main] Finished Spring Batch infrastructure beans configuration in 11 ms.
2023-06-18 22:40:58,397 INFO o.s.c.a.ConfigurationClassEnhancer [main] @Bean method PropsConfig.config is non-static and returns an object assignable to Spring's BeanFactoryPostProcessor interface. This will result in a failure to process annotations such as @Autowired, @Resource and @PostConstruct within the method's declaring @Configuration class. Add the 'static' modifier to this method to avoid these container lifecycle issues; see @Bean javadoc for complete details.
2023-06-18 22:40:58,515 WARN o.s.c.a.AnnotationConfigApplicationContext [main] Exception encountered during context initialization - cancelling refresh attempt: org.springframework.beans.factory.UnsatisfiedDependencyException: Error creating bean with name 'imprimeParImparJob' defined in class path resource [com/udemy/parimparjob/job/ParImparJobConfig.class]: Unsatisfied dependency expressed through method 'imprimeParImparJob' parameter 1: Error creating bean with name 'jobRepository': Cannot resolve reference to bean 'dataSource' while setting bean property 'dataSource'
2023-06-18 22:41:13,922 INFO c.u.p.ProducaoParImparJobApplication [main] Starting ProducaoParImparJobApplication using Java 17.0.7 with PID 33232 (C:\Users\trezi\Downloads\ProducaoParImparJob-Exercicio\target\classes started by trezi in C:\Users\trezi\Downloads\ProducaoParImparJob-Exercicio)
2023-06-18 22:41:13,927 INFO c.u.p.ProducaoParImparJobApplication [main] No active profile set, falling back to 1 default profile: "default"
2023-06-18 22:41:14,206 INFO o.s.b.c.c.a.BatchRegistrar [main] Finished Spring Batch infrastructure beans configuration in 9 ms.
2023-06-18 22:41:14,401 INFO o.s.c.a.ConfigurationClassEnhancer [main] @Bean method PropsConfig.config is non-static and returns an object assignable to Spring's BeanFactoryPostProcessor interface. This will result in a failure to process annotations such as @Autowired, @Resource and @PostConstruct within the method's declaring @Configuration class. Add the 'static' modifier to this method to avoid these container lifecycle issues; see @Bean javadoc for complete details.
2023-06-18 22:41:14,551 WARN o.s.c.a.AnnotationConfigApplicationContext [main] Exception encountered during context initialization - cancelling refresh attempt: org.springframework.beans.factory.UnsatisfiedDependencyException: Error creating bean with name 'imprimeParImparJob' defined in class path resource [com/udemy/parimparjob/job/ParImparJobConfig.class]: Unsatisfied dependency expressed through method 'imprimeParImparJob' parameter 0: Error creating bean with name 'jobRepository': Cannot resolve reference to bean 'dataSource' while setting bean property 'dataSource'
2023-06-18 22:41:56,094 INFO c.u.p.ProducaoParImparJobApplication [main] Starting ProducaoParImparJobApplication using Java 17.0.7 with PID 9488 (C:\Users\trezi\Downloads\ProducaoParImparJob-Exercicio\target\classes started by trezi in C:\Users\trezi\Downloads\ProducaoParImparJob-Exercicio)
2023-06-18 22:41:56,101 INFO c.u.p.ProducaoParImparJobApplication [main] No active profile set, falling back to 1 default profile: "default"
2023-06-18 22:41:56,396 INFO o.s.b.c.c.a.BatchRegistrar [main] Finished Spring Batch infrastructure beans configuration in 5 ms.
2023-06-18 22:41:56,610 INFO o.s.c.a.ConfigurationClassEnhancer [main] @Bean method PropsConfig.config is non-static and returns an object assignable to Spring's BeanFactoryPostProcessor interface. This will result in a failure to process annotations such as @Autowired, @Resource and @PostConstruct within the method's declaring @Configuration class. Add the 'static' modifier to this method to avoid these container lifecycle issues; see @Bean javadoc for complete details.
2023-06-18 22:41:56,782 INFO c.z.h.HikariDataSource [main] HikariPool-1 - Starting...
2023-06-18 22:41:57,151 INFO c.z.h.p.HikariPool [main] HikariPool-1 - Added connection com.mysql.cj.jdbc.ConnectionImpl@3a790e40
2023-06-18 22:41:57,153 INFO c.z.h.HikariDataSource [main] HikariPool-1 - Start completed.
2023-06-18 22:41:57,162 INFO o.s.b.c.r.s.JobRepositoryFactoryBean [main] No database type set, using meta data indicating: MYSQL
2023-06-18 22:41:57,187 WARN o.s.c.a.AnnotationConfigApplicationContext [main] Exception encountered during context initialization - cancelling refresh attempt: org.springframework.beans.factory.UnsatisfiedDependencyException: Error creating bean with name 'imprimeParImparJob' defined in class path resource [com/udemy/parimparjob/job/ParImparJobConfig.class]: Unsatisfied dependency expressed through method 'imprimeParImparJob' parameter 1: Error creating bean with name 'ImprimeParImparStep' defined in class path resource [com/udemy/parimparjob/step/ParImparStepConfig.class]: Unsatisfied dependency expressed through method 'ImprimeParImparStep' parameter 3: No qualifying bean of type 'org.springframework.batch.item.ItemProcessor<?, ?>' available: expected at least 1 bean which qualifies as autowire candidate. Dependency annotations: {}
2023-06-18 22:41:57,187 INFO c.z.h.HikariDataSource [main] HikariPool-1 - Shutdown initiated...
2023-06-18 22:41:57,193 INFO c.z.h.HikariDataSource [main] HikariPool-1 - Shutdown completed.
2023-06-18 22:43:30,813 INFO c.u.p.ProducaoParImparJobApplication [main] Starting ProducaoParImparJobApplication using Java 17.0.7 with PID 46236 (C:\Users\trezi\Downloads\ProducaoParImparJob-Exercicio\target\classes started by trezi in C:\Users\trezi\Downloads\ProducaoParImparJob-Exercicio)
2023-06-18 22:43:30,817 INFO c.u.p.ProducaoParImparJobApplication [main] No active profile set, falling back to 1 default profile: "default"
2023-06-18 22:43:31,070 INFO o.s.b.c.c.a.BatchRegistrar [main] Finished Spring Batch infrastructure beans configuration in 10 ms.
2023-06-18 22:43:31,280 INFO o.s.c.a.ConfigurationClassEnhancer [main] @Bean method PropsConfig.config is non-static and returns an object assignable to Spring's BeanFactoryPostProcessor interface. This will result in a failure to process annotations such as @Autowired, @Resource and @PostConstruct within the method's declaring @Configuration class. Add the 'static' modifier to this method to avoid these container lifecycle issues; see @Bean javadoc for complete details.
2023-06-18 22:43:31,405 WARN o.s.c.a.AnnotationConfigApplicationContext [main] Exception encountered during context initialization - cancelling refresh attempt: org.springframework.beans.factory.UnsatisfiedDependencyException: Error creating bean with name 'imprimeParImparJob' defined in class path resource [com/udemy/parimparjob/job/ParImparJobConfig.class]: Unsatisfied dependency expressed through method 'imprimeParImparJob' parameter 0: Error creating bean with name 'jobRepository': Cannot resolve reference to bean 'dataSource' while setting bean property 'dataSource'
2023-06-18 22:45:24,592 INFO c.u.p.ProducaoParImparJobApplication [main] Starting ProducaoParImparJobApplication using Java 17.0.7 with PID 33480 (C:\Users\trezi\Downloads\ProducaoParImparJob-Exercicio\target\classes started by trezi in C:\Users\trezi\Downloads\ProducaoParImparJob-Exercicio)
2023-06-18 22:45:24,595 INFO c.u.p.ProducaoParImparJobApplication [main] No active profile set, falling back to 1 default profile: "default"
2023-06-18 22:45:24,845 INFO o.s.b.c.c.a.BatchRegistrar [main] Finished Spring Batch infrastructure beans configuration in 4 ms.
2023-06-18 22:45:25,024 INFO o.s.c.a.ConfigurationClassEnhancer [main] @Bean method PropsConfig.config is non-static and returns an object assignable to Spring's BeanFactoryPostProcessor interface. This will result in a failure to process annotations such as @Autowired, @Resource and @PostConstruct within the method's declaring @Configuration class. Add the 'static' modifier to this method to avoid these container lifecycle issues; see @Bean javadoc for complete details.
2023-06-18 22:45:25,134 WARN o.s.c.a.AnnotationConfigApplicationContext [main] Exception encountered during context initialization - cancelling refresh attempt: org.springframework.beans.factory.UnsatisfiedDependencyException: Error creating bean with name 'imprimeParImparJob' defined in class path resource [com/udemy/parimparjob/job/ParImparJobConfig.class]: Unsatisfied dependency expressed through method 'imprimeParImparJob' parameter 0: Error creating bean with name 'jobRepository': Cannot resolve reference to bean 'dataSource' while setting bean property 'dataSource'
2023-06-18 22:47:03,908 INFO c.u.p.ProducaoParImparJobApplication [main] Starting ProducaoParImparJobApplication using Java 17.0.7 with PID 14328 (C:\Users\trezi\Downloads\ProducaoParImparJob-Exercicio\target\classes started by trezi in C:\Users\trezi\Downloads\ProducaoParImparJob-Exercicio)
2023-06-18 22:47:03,911 INFO c.u.p.ProducaoParImparJobApplication [main] No active profile set, falling back to 1 default profile: "default"
2023-06-18 22:47:04,171 INFO o.s.b.c.c.a.BatchRegistrar [main] Finished Spring Batch infrastructure beans configuration in 10 ms.
2023-06-18 22:47:04,356 INFO o.s.c.a.ConfigurationClassEnhancer [main] @Bean method PropsConfig.config is non-static and returns an object assignable to Spring's BeanFactoryPostProcessor interface. This will result in a failure to process annotations such as @Autowired, @Resource and @PostConstruct within the method's declaring @Configuration class. Add the 'static' modifier to this method to avoid these container lifecycle issues; see @Bean javadoc for complete details.
2023-06-18 22:47:04,514 INFO c.z.h.HikariDataSource [main] HikariPool-1 - Starting...
2023-06-18 22:47:04,846 INFO c.z.h.p.HikariPool [main] HikariPool-1 - Added connection com.mysql.cj.jdbc.ConnectionImpl@3b705be7
2023-06-18 22:47:04,847 INFO c.z.h.HikariDataSource [main] HikariPool-1 - Start completed.
2023-06-18 22:47:04,856 INFO o.s.b.c.r.s.JobRepositoryFactoryBean [main] No database type set, using meta data indicating: MYSQL
2023-06-18 22:47:04,878 WARN o.s.c.a.AnnotationConfigApplicationContext [main] Exception encountered during context initialization - cancelling refresh attempt: org.springframework.beans.factory.UnsatisfiedDependencyException: Error creating bean with name 'imprimeParImparJob' defined in class path resource [com/udemy/parimparjob/job/ParImparJobConfig.class]: Unsatisfied dependency expressed through method 'imprimeParImparJob' parameter 1: Error creating bean with name 'ImprimeParImparStep' defined in class path resource [com/udemy/parimparjob/step/ParImparStepConfig.class]: Unsatisfied dependency expressed through method 'ImprimeParImparStep' parameter 3: No qualifying bean of type 'org.springframework.batch.item.ItemProcessor<?, ?>' available: expected at least 1 bean which qualifies as autowire candidate. Dependency annotations: {}
2023-06-18 22:47:04,878 INFO c.z.h.HikariDataSource [main] HikariPool-1 - Shutdown initiated...
2023-06-18 22:47:04,883 INFO c.z.h.HikariDataSource [main] HikariPool-1 - Shutdown completed.
2023-06-18 22:49:16,091 INFO c.u.p.ProducaoParImparJobApplication [main] Starting ProducaoParImparJobApplication using Java 17.0.7 with PID 55392 (C:\Users\trezi\Downloads\ProducaoParImparJob-Exercicio\target\classes started by trezi in C:\Users\trezi\Downloads\ProducaoParImparJob-Exercicio)
2023-06-18 22:49:16,094 INFO c.u.p.ProducaoParImparJobApplication [main] No active profile set, falling back to 1 default profile: "default"
2023-06-18 22:49:16,362 INFO o.s.b.c.c.a.BatchRegistrar [main] Finished Spring Batch infrastructure beans configuration in 13 ms.
2023-06-18 22:49:16,567 INFO o.s.c.a.ConfigurationClassEnhancer [main] @Bean method PropsConfig.config is non-static and returns an object assignable to Spring's BeanFactoryPostProcessor interface. This will result in a failure to process annotations such as @Autowired, @Resource and @PostConstruct within the method's declaring @Configuration class. Add the 'static' modifier to this method to avoid these container lifecycle issues; see @Bean javadoc for complete details.
2023-06-18 22:49:16,767 INFO c.z.h.HikariDataSource [main] HikariPool-1 - Starting...
2023-06-18 22:49:17,106 INFO c.z.h.p.HikariPool [main] HikariPool-1 - Added connection com.mysql.cj.jdbc.ConnectionImpl@3b705be7
2023-06-18 22:49:17,108 INFO c.z.h.HikariDataSource [main] HikariPool-1 - Start completed.
2023-06-18 22:49:17,117 INFO o.s.b.c.r.s.JobRepositoryFactoryBean [main] No database type set, using meta data indicating: MYSQL
2023-06-18 22:49:17,138 WARN o.s.c.a.AnnotationConfigApplicationContext [main] Exception encountered during context initialization - cancelling refresh attempt: org.springframework.beans.factory.UnsatisfiedDependencyException: Error creating bean with name 'imprimeParImparJob' defined in class path resource [com/udemy/parimparjob/job/ParImparJobConfig.class]: Unsatisfied dependency expressed through method 'imprimeParImparJob' parameter 1: Error creating bean with name 'ImprimeParImparStep' defined in class path resource [com/udemy/parimparjob/step/ParImparStepConfig.class]: Unsatisfied dependency expressed through method 'ImprimeParImparStep' parameter 3: No qualifying bean of type 'org.springframework.batch.item.ItemProcessor<?, ?>' available: expected at least 1 bean which qualifies as autowire candidate. Dependency annotations: {}
2023-06-18 22:49:17,139 INFO c.z.h.HikariDataSource [main] HikariPool-1 - Shutdown initiated...
2023-06-18 22:49:17,143 INFO c.z.h.HikariDataSource [main] HikariPool-1 - Shutdown completed.
2023-06-18 22:49:55,589 INFO c.u.p.ProducaoParImparJobApplication [main] Starting ProducaoParImparJobApplication using Java 17.0.7 with PID 28448 (C:\Users\trezi\Downloads\ProducaoParImparJob-Exercicio\target\classes started by trezi in C:\Users\trezi\Downloads\ProducaoParImparJob-Exercicio)
2023-06-18 22:49:55,592 INFO c.u.p.ProducaoParImparJobApplication [main] No active profile set, falling back to 1 default profile: "default"
2023-06-18 22:49:55,852 INFO o.s.b.c.c.a.BatchRegistrar [main] Finished Spring Batch infrastructure beans configuration in 6 ms.
2023-06-18 22:49:56,042 INFO o.s.c.a.ConfigurationClassEnhancer [main] @Bean method PropsConfig.config is non-static and returns an object assignable to Spring's BeanFactoryPostProcessor interface. This will result in a failure to process annotations such as @Autowired, @Resource and @PostConstruct within the method's declaring @Configuration class. Add the 'static' modifier to this method to avoid these container lifecycle issues; see @Bean javadoc for complete details.
2023-06-18 22:49:56,184 WARN o.s.c.a.AnnotationConfigApplicationContext [main] Exception encountered during context initialization - cancelling refresh attempt: org.springframework.beans.factory.UnsatisfiedDependencyException: Error creating bean with name 'imprimeParImparJob' defined in class path resource [com/udemy/parimparjob/job/ParImparJobConfig.class]: Unsatisfied dependency expressed through method 'imprimeParImparJob' parameter 0: Error creating bean with name 'jobRepository': Cannot resolve reference to bean 'dataSource' while setting bean property 'dataSource'
2023-06-18 22:50:54,273 INFO c.u.p.ProducaoParImparJobApplication [main] Starting ProducaoParImparJobApplication using Java 17.0.7 with PID 33228 (C:\Users\trezi\Downloads\ProducaoParImparJob-Exercicio\target\classes started by trezi in C:\Users\trezi\Downloads\ProducaoParImparJob-Exercicio)
2023-06-18 22:50:54,276 INFO c.u.p.ProducaoParImparJobApplication [main] No active profile set, falling back to 1 default profile: "default"
2023-06-18 22:50:54,514 INFO o.s.b.c.c.a.BatchRegistrar [main] Finished Spring Batch infrastructure beans configuration in 5 ms.
2023-06-18 22:50:54,703 INFO o.s.c.a.ConfigurationClassEnhancer [main] @Bean method PropsConfig.config is non-static and returns an object assignable to Spring's BeanFactoryPostProcessor interface. This will result in a failure to process annotations such as @Autowired, @Resource and @PostConstruct within the method's declaring @Configuration class. Add the 'static' modifier to this method to avoid these container lifecycle issues; see @Bean javadoc for complete details.
2023-06-18 22:50:54,863 INFO c.z.h.HikariDataSource [main] HikariPool-1 - Starting...
2023-06-18 22:50:55,169 INFO c.z.h.p.HikariPool [main] HikariPool-1 - Added connection com.mysql.cj.jdbc.ConnectionImpl@5115f590
2023-06-18 22:50:55,170 INFO c.z.h.HikariDataSource [main] HikariPool-1 - Start completed.
2023-06-18 22:50:55,179 INFO o.s.b.c.r.s.JobRepositoryFactoryBean [main] No database type set, using meta data indicating: MYSQL
2023-06-18 22:50:55,201 WARN o.s.c.a.AnnotationConfigApplicationContext [main] Exception encountered during context initialization - cancelling refresh attempt: org.springframework.beans.factory.UnsatisfiedDependencyException: Error creating bean with name 'imprimeParImparJob' defined in class path resource [com/udemy/parimparjob/job/ParImparJobConfig.class]: Unsatisfied dependency expressed through method 'imprimeParImparJob' parameter 1: Error creating bean with name 'ImprimeParImparStep' defined in class path resource [com/udemy/parimparjob/step/ParImparStepConfig.class]: Unsatisfied dependency expressed through method 'ImprimeParImparStep' parameter 3: No qualifying bean of type 'org.springframework.batch.item.ItemProcessor<?, ?>' available: expected at least 1 bean which qualifies as autowire candidate. Dependency annotations: {}
2023-06-18 22:50:55,201 INFO c.z.h.HikariDataSource [main] HikariPool-1 - Shutdown initiated...
2023-06-18 22:50:55,205 INFO c.z.h.HikariDataSource [main] HikariPool-1 - Shutdown completed.
2023-06-18 22:54:54,255 INFO c.u.p.ProducaoParImparJobApplication [main] Starting ProducaoParImparJobApplication using Java 17.0.7 with PID 55984 (C:\Users\trezi\Downloads\ProducaoParImparJob-Exercicio\target\classes started by trezi in C:\Users\trezi\Downloads\ProducaoParImparJob-Exercicio)
2023-06-18 22:54:54,259 INFO c.u.p.ProducaoParImparJobApplication [main] No active profile set, falling back to 1 default profile: "default"
2023-06-18 22:54:54,540 INFO o.s.b.c.c.a.BatchRegistrar [main] Finished Spring Batch infrastructure beans configuration in 4 ms.
2023-06-18 22:54:54,724 INFO o.s.c.a.ConfigurationClassEnhancer [main] @Bean method PropsConfig.config is non-static and returns an object assignable to Spring's BeanFactoryPostProcessor interface. This will result in a failure to process annotations such as @Autowired, @Resource and @PostConstruct within the method's declaring @Configuration class. Add the 'static' modifier to this method to avoid these container lifecycle issues; see @Bean javadoc for complete details.
2023-06-18 22:54:54,857 WARN o.s.c.a.AnnotationConfigApplicationContext [main] Exception encountered during context initialization - cancelling refresh attempt: org.springframework.beans.factory.UnsatisfiedDependencyException: Error creating bean with name 'imprimeParImparJob' defined in class path resource [com/udemy/parimparjob/job/ParImparJobConfig.class]: Unsatisfied dependency expressed through method 'imprimeParImparJob' parameter 0: Error creating bean with name 'jobRepository': Cannot resolve reference to bean 'dataSource' while setting bean property 'dataSource'
2023-06-18 22:55:17,938 INFO c.u.p.ProducaoParImparJobApplication [main] Starting ProducaoParImparJobApplication using Java 17.0.7 with PID 43696 (C:\Users\trezi\Downloads\ProducaoParImparJob-Exercicio\target\classes started by trezi in C:\Users\trezi\Downloads\ProducaoParImparJob-Exercicio)
2023-06-18 22:55:17,942 INFO c.u.p.ProducaoParImparJobApplication [main] No active profile set, falling back to 1 default profile: "default"
2023-06-18 22:55:18,394 INFO o.s.c.a.ConfigurationClassEnhancer [main] @Bean method PropsConfig.config is non-static and returns an object assignable to Spring's BeanFactoryPostProcessor interface. This will result in a failure to process annotations such as @Autowired, @Resource and @PostConstruct within the method's declaring @Configuration class. Add the 'static' modifier to this method to avoid these container lifecycle issues; see @Bean javadoc for complete details.
2023-06-18 22:55:18,540 INFO c.z.h.HikariDataSource [main] HikariPool-1 - Starting...
2023-06-18 22:55:19,911 ERROR c.z.h.p.HikariPool [main] HikariPool-1 - Exception during pool initialization.
java.sql.SQLSyntaxErrorException: Access denied for user 'user'@'%' to database 'app'
	at com.mysql.cj.jdbc.exceptions.SQLError.createSQLException(SQLError.java:121) ~[mysql-connector-j-8.0.33.jar:8.0.33]
	at com.mysql.cj.jdbc.exceptions.SQLExceptionsMapping.translateException(SQLExceptionsMapping.java:122) ~[mysql-connector-j-8.0.33.jar:8.0.33]
	at com.mysql.cj.jdbc.ConnectionImpl.createNewIO(ConnectionImpl.java:825) ~[mysql-connector-j-8.0.33.jar:8.0.33]
	at com.mysql.cj.jdbc.ConnectionImpl.<init>(ConnectionImpl.java:446) ~[mysql-connector-j-8.0.33.jar:8.0.33]
	at com.mysql.cj.jdbc.ConnectionImpl.getInstance(ConnectionImpl.java:239) ~[mysql-connector-j-8.0.33.jar:8.0.33]
	at com.mysql.cj.jdbc.NonRegisteringDriver.connect(NonRegisteringDriver.java:188) ~[mysql-connector-j-8.0.33.jar:8.0.33]
	at com.zaxxer.hikari.util.DriverDataSource.getConnection(DriverDataSource.java:138) ~[HikariCP-5.0.1.jar:?]
	at com.zaxxer.hikari.pool.PoolBase.newConnection(PoolBase.java:359) ~[HikariCP-5.0.1.jar:?]
	at com.zaxxer.hikari.pool.PoolBase.newPoolEntry(PoolBase.java:201) ~[HikariCP-5.0.1.jar:?]
	at com.zaxxer.hikari.pool.HikariPool.createPoolEntry(HikariPool.java:470) ~[HikariCP-5.0.1.jar:?]
	at com.zaxxer.hikari.pool.HikariPool.checkFailFast(HikariPool.java:561) ~[HikariCP-5.0.1.jar:?]
	at com.zaxxer.hikari.pool.HikariPool.<init>(HikariPool.java:100) ~[HikariCP-5.0.1.jar:?]
	at com.zaxxer.hikari.HikariDataSource.getConnection(HikariDataSource.java:112) ~[HikariCP-5.0.1.jar:?]
	at org.springframework.jdbc.datasource.DataSourceUtils.fetchConnection(DataSourceUtils.java:159) ~[spring-jdbc-6.0.9.jar:6.0.9]
	at org.springframework.jdbc.datasource.DataSourceUtils.doGetConnection(DataSourceUtils.java:117) ~[spring-jdbc-6.0.9.jar:6.0.9]
	at org.springframework.jdbc.datasource.DataSourceUtils.getConnection(DataSourceUtils.java:80) ~[spring-jdbc-6.0.9.jar:6.0.9]
	at org.springframework.jdbc.support.JdbcUtils.extractDatabaseMetaData(JdbcUtils.java:336) ~[spring-jdbc-6.0.9.jar:6.0.9]
	at org.springframework.boot.jdbc.DatabaseDriver.fromDataSource(DatabaseDriver.java:327) ~[spring-boot-3.1.0.jar:3.1.0]
	at org.springframework.boot.jdbc.init.PlatformPlaceholderDatabaseDriverResolver.getDatabaseDriver(PlatformPlaceholderDatabaseDriverResolver.java:137) ~[spring-boot-3.1.0.jar:3.1.0]
	at org.springframework.boot.jdbc.init.PlatformPlaceholderDatabaseDriverResolver.determinePlatform(PlatformPlaceholderDatabaseDriverResolver.java:131) ~[spring-boot-3.1.0.jar:3.1.0]
	at org.springframework.boot.jdbc.init.PlatformPlaceholderDatabaseDriverResolver.lambda$resolveAll$0(PlatformPlaceholderDatabaseDriverResolver.java:96) ~[spring-boot-3.1.0.jar:3.1.0]
	at org.springframework.boot.jdbc.init.PlatformPlaceholderDatabaseDriverResolver.resolveAll(PlatformPlaceholderDatabaseDriverResolver.java:121) ~[spring-boot-3.1.0.jar:3.1.0]
	at org.springframework.boot.jdbc.init.PlatformPlaceholderDatabaseDriverResolver.resolveAll(PlatformPlaceholderDatabaseDriverResolver.java:96) ~[spring-boot-3.1.0.jar:3.1.0]
	at org.springframework.boot.autoconfigure.batch.BatchDataSourceScriptDatabaseInitializer.resolveSchemaLocations(BatchDataSourceScriptDatabaseInitializer.java:83) ~[spring-boot-autoconfigure-3.1.0.jar:3.1.0]
	at org.springframework.boot.autoconfigure.batch.BatchDataSourceScriptDatabaseInitializer.getSettings(BatchDataSourceScriptDatabaseInitializer.java:72) ~[spring-boot-autoconfigure-3.1.0.jar:3.1.0]
	at org.springframework.boot.autoconfigure.batch.BatchDataSourceScriptDatabaseInitializer.<init>(BatchDataSourceScriptDatabaseInitializer.java:47) ~[spring-boot-autoconfigure-3.1.0.jar:3.1.0]
	at org.springframework.boot.autoconfigure.batch.BatchAutoConfiguration$DataSourceInitializerConfiguration.batchDataSourceInitializer(BatchAutoConfiguration.java:174) ~[spring-boot-autoconfigure-3.1.0.jar:3.1.0]
	at jdk.internal.reflect.NativeMethodAccessorImpl.invoke0(Native Method) ~[?:?]
	at jdk.internal.reflect.NativeMethodAccessorImpl.invoke(NativeMethodAccessorImpl.java:77) ~[?:?]
	at jdk.internal.reflect.DelegatingMethodAccessorImpl.invoke(DelegatingMethodAccessorImpl.java:43) ~[?:?]
	at java.lang.reflect.Method.invoke(Method.java:568) ~[?:?]
	at org.springframework.beans.factory.support.SimpleInstantiationStrategy.instantiate(SimpleInstantiationStrategy.java:139) ~[spring-beans-6.0.9.jar:6.0.9]
	at org.springframework.beans.factory.support.ConstructorResolver.instantiate(ConstructorResolver.java:655) ~[spring-beans-6.0.9.jar:6.0.9]
	at org.springframework.beans.factory.support.ConstructorResolver.instantiateUsingFactoryMethod(ConstructorResolver.java:647) ~[spring-beans-6.0.9.jar:6.0.9]
	at org.springframework.beans.factory.support.AbstractAutowireCapableBeanFactory.instantiateUsingFactoryMethod(AbstractAutowireCapableBeanFactory.java:1332) ~[spring-beans-6.0.9.jar:6.0.9]
	at org.springframework.beans.factory.support.AbstractAutowireCapableBeanFactory.createBeanInstance(AbstractAutowireCapableBeanFactory.java:1162) ~[spring-beans-6.0.9.jar:6.0.9]
	at org.springframework.beans.factory.support.AbstractAutowireCapableBeanFactory.doCreateBean(AbstractAutowireCapableBeanFactory.java:560) ~[spring-beans-6.0.9.jar:6.0.9]
	at org.springframework.beans.factory.support.AbstractAutowireCapableBeanFactory.createBean(AbstractAutowireCapableBeanFactory.java:520) ~[spring-beans-6.0.9.jar:6.0.9]
	at org.springframework.beans.factory.support.AbstractBeanFactory.lambda$doGetBean$0(AbstractBeanFactory.java:326) ~[spring-beans-6.0.9.jar:6.0.9]
	at org.springframework.beans.factory.support.DefaultSingletonBeanRegistry.getSingleton(DefaultSingletonBeanRegistry.java:234) ~[spring-beans-6.0.9.jar:6.0.9]
	at org.springframework.beans.factory.support.AbstractBeanFactory.doGetBean(AbstractBeanFactory.java:324) ~[spring-beans-6.0.9.jar:6.0.9]
	at org.springframework.beans.factory.support.AbstractBeanFactory.getBean(AbstractBeanFactory.java:200) ~[spring-beans-6.0.9.jar:6.0.9]
	at org.springframework.beans.factory.support.AbstractBeanFactory.doGetBean(AbstractBeanFactory.java:313) ~[spring-beans-6.0.9.jar:6.0.9]
	at org.springframework.beans.factory.support.AbstractBeanFactory.getBean(AbstractBeanFactory.java:200) ~[spring-beans-6.0.9.jar:6.0.9]
	at org.springframework.beans.factory.config.DependencyDescriptor.resolveCandidate(DependencyDescriptor.java:254) ~[spring-beans-6.0.9.jar:6.0.9]
	at org.springframework.beans.factory.support.DefaultListableBeanFactory.doResolveDependency(DefaultListableBeanFactory.java:1417) ~[spring-beans-6.0.9.jar:6.0.9]
	at org.springframework.beans.factory.support.DefaultListableBeanFactory.resolveDependency(DefaultListableBeanFactory.java:1337) ~[spring-beans-6.0.9.jar:6.0.9]
	at org.springframework.beans.factory.support.ConstructorResolver.resolveAutowiredArgument(ConstructorResolver.java:888) ~[spring-beans-6.0.9.jar:6.0.9]
	at org.springframework.beans.factory.support.ConstructorResolver.createArgumentArray(ConstructorResolver.java:791) ~[spring-beans-6.0.9.jar:6.0.9]
	at org.springframework.beans.factory.support.ConstructorResolver.instantiateUsingFactoryMethod(ConstructorResolver.java:550) ~[spring-beans-6.0.9.jar:6.0.9]
	at org.springframework.beans.factory.support.AbstractAutowireCapableBeanFactory.instantiateUsingFactoryMethod(AbstractAutowireCapableBeanFactory.java:1332) ~[spring-beans-6.0.9.jar:6.0.9]
	at org.springframework.beans.factory.support.AbstractAutowireCapableBeanFactory.createBeanInstance(AbstractAutowireCapableBeanFactory.java:1162) ~[spring-beans-6.0.9.jar:6.0.9]
	at org.springframework.beans.factory.support.AbstractAutowireCapableBeanFactory.doCreateBean(AbstractAutowireCapableBeanFactory.java:560) ~[spring-beans-6.0.9.jar:6.0.9]
	at org.springframework.beans.factory.support.AbstractAutowireCapableBeanFactory.createBean(AbstractAutowireCapableBeanFactory.java:520) ~[spring-beans-6.0.9.jar:6.0.9]
	at org.springframework.beans.factory.support.AbstractBeanFactory.lambda$doGetBean$0(AbstractBeanFactory.java:326) ~[spring-beans-6.0.9.jar:6.0.9]
	at org.springframework.beans.factory.support.DefaultSingletonBeanRegistry.getSingleton(DefaultSingletonBeanRegistry.java:234) [spring-beans-6.0.9.jar:6.0.9]
	at org.springframework.beans.factory.support.AbstractBeanFactory.doGetBean(AbstractBeanFactory.java:324) [spring-beans-6.0.9.jar:6.0.9]
	at org.springframework.beans.factory.support.AbstractBeanFactory.getBean(AbstractBeanFactory.java:200) [spring-beans-6.0.9.jar:6.0.9]
	at org.springframework.beans.factory.support.DefaultListableBeanFactory.preInstantiateSingletons(DefaultListableBeanFactory.java:973) [spring-beans-6.0.9.jar:6.0.9]
	at org.springframework.context.support.AbstractApplicationContext.finishBeanFactoryInitialization(AbstractApplicationContext.java:941) [spring-context-6.0.9.jar:6.0.9]
	at org.springframework.context.support.AbstractApplicationContext.refresh(AbstractApplicationContext.java:608) [spring-context-6.0.9.jar:6.0.9]
	at org.springframework.boot.SpringApplication.refresh(SpringApplication.java:733) [spring-boot-3.1.0.jar:3.1.0]
	at org.springframework.boot.SpringApplication.refreshContext(SpringApplication.java:435) [spring-boot-3.1.0.jar:3.1.0]
	at org.springframework.boot.SpringApplication.run(SpringApplication.java:311) [spring-boot-3.1.0.jar:3.1.0]
	at org.springframework.boot.SpringApplication.run(SpringApplication.java:1305) [spring-boot-3.1.0.jar:3.1.0]
	at org.springframework.boot.SpringApplication.run(SpringApplication.java:1294) [spring-boot-3.1.0.jar:3.1.0]
	at com.udemy.parimparjob.ProducaoParImparJobApplication.main(ProducaoParImparJobApplication.java:10) [classes/:?]
2023-06-18 22:55:19,916 WARN o.s.c.a.AnnotationConfigApplicationContext [main] Exception encountered during context initialization - cancelling refresh attempt: org.springframework.beans.factory.UnsatisfiedDependencyException: Error creating bean with name 'imprimeParImparJob' defined in class path resource [com/udemy/parimparjob/job/ParImparJobConfig.class]: Unsatisfied dependency expressed through method 'imprimeParImparJob' parameter 0: Error creating bean with name 'batchDataSourceInitializer' defined in class path resource [org/springframework/boot/autoconfigure/batch/BatchAutoConfiguration$DataSourceInitializerConfiguration.class]: Failed to instantiate [org.springframework.boot.autoconfigure.batch.BatchDataSourceScriptDatabaseInitializer]: Factory method 'batchDataSourceInitializer' threw exception with message: Unable to detect database type
2023-06-18 22:58:37,990 INFO c.u.p.ProducaoParImparJobApplication [main] Starting ProducaoParImparJobApplication using Java 17.0.7 with PID 28744 (C:\Users\trezi\Downloads\ProducaoParImparJob-Exercicio\target\classes started by trezi in C:\Users\trezi\Downloads\ProducaoParImparJob-Exercicio)
2023-06-18 22:58:37,993 INFO c.u.p.ProducaoParImparJobApplication [main] No active profile set, falling back to 1 default profile: "default"
2023-06-18 22:58:38,427 INFO o.s.c.a.ConfigurationClassEnhancer [main] @Bean method PropsConfig.config is non-static and returns an object assignable to Spring's BeanFactoryPostProcessor interface. This will result in a failure to process annotations such as @Autowired, @Resource and @PostConstruct within the method's declaring @Configuration class. Add the 'static' modifier to this method to avoid these container lifecycle issues; see @Bean javadoc for complete details.
2023-06-18 22:58:38,585 INFO c.z.h.HikariDataSource [main] HikariPool-1 - Starting...
2023-06-18 22:58:38,914 INFO c.z.h.p.HikariPool [main] HikariPool-1 - Added connection com.mysql.cj.jdbc.ConnectionImpl@642413d4
2023-06-18 22:58:38,916 INFO c.z.h.HikariDataSource [main] HikariPool-1 - Start completed.
2023-06-18 22:58:39,019 WARN o.s.c.a.AnnotationConfigApplicationContext [main] Exception encountered during context initialization - cancelling refresh attempt: org.springframework.beans.factory.UnsatisfiedDependencyException: Error creating bean with name 'imprimeParImparJob' defined in class path resource [com/udemy/parimparjob/job/ParImparJobConfig.class]: Unsatisfied dependency expressed through method 'imprimeParImparJob' parameter 1: Error creating bean with name 'ImprimeParImparStep' defined in class path resource [com/udemy/parimparjob/step/ParImparStepConfig.class]: Unsatisfied dependency expressed through method 'ImprimeParImparStep' parameter 3: No qualifying bean of type 'org.springframework.batch.item.ItemProcessor<?, ?>' available: expected at least 1 bean which qualifies as autowire candidate. Dependency annotations: {}
2023-06-18 22:58:39,019 INFO c.z.h.HikariDataSource [main] HikariPool-1 - Shutdown initiated...
2023-06-18 22:58:39,066 INFO c.z.h.HikariDataSource [main] HikariPool-1 - Shutdown completed.
2023-06-18 23:03:01,900 INFO c.u.p.ProducaoParImparJobApplication [main] Starting ProducaoParImparJobApplication using Java 17.0.7 with PID 52832 (C:\Users\trezi\Downloads\ProducaoParImparJob-Exercicio\target\classes started by trezi in C:\Users\trezi\Downloads\ProducaoParImparJob-Exercicio)
2023-06-18 23:03:01,904 INFO c.u.p.ProducaoParImparJobApplication [main] No active profile set, falling back to 1 default profile: "default"
2023-06-18 23:03:02,364 INFO o.s.c.a.ConfigurationClassEnhancer [main] @Bean method PropsConfig.config is non-static and returns an object assignable to Spring's BeanFactoryPostProcessor interface. This will result in a failure to process annotations such as @Autowired, @Resource and @PostConstruct within the method's declaring @Configuration class. Add the 'static' modifier to this method to avoid these container lifecycle issues; see @Bean javadoc for complete details.
2023-06-18 23:03:02,489 INFO c.z.h.HikariDataSource [main] HikariPool-1 - Starting...
2023-06-18 23:03:02,855 INFO c.z.h.p.HikariPool [main] HikariPool-1 - Added connection com.mysql.cj.jdbc.ConnectionImpl@b34832b
2023-06-18 23:03:02,856 INFO c.z.h.HikariDataSource [main] HikariPool-1 - Start completed.
2023-06-18 23:03:02,977 WARN o.s.c.a.AnnotationConfigApplicationContext [main] Exception encountered during context initialization - cancelling refresh attempt: org.springframework.beans.factory.UnsatisfiedDependencyException: Error creating bean with name 'imprimeParImparJob' defined in class path resource [com/udemy/parimparjob/job/ParImparJobConfig.class]: Unsatisfied dependency expressed through method 'imprimeParImparJob' parameter 1: Error creating bean with name 'ImprimeParImparStep' defined in class path resource [com/udemy/parimparjob/step/ParImparStepConfig.class]: Unsatisfied dependency expressed through method 'ImprimeParImparStep' parameter 4: No qualifying bean of type 'org.springframework.batch.item.ItemWriter<?>' available: expected at least 1 bean which qualifies as autowire candidate. Dependency annotations: {}
2023-06-18 23:03:02,978 INFO c.z.h.HikariDataSource [main] HikariPool-1 - Shutdown initiated...
2023-06-18 23:03:03,012 INFO c.z.h.HikariDataSource [main] HikariPool-1 - Shutdown completed.
2023-06-18 23:03:46,557 INFO c.u.p.ProducaoParImparJobApplication [main] Starting ProducaoParImparJobApplication using Java 17.0.7 with PID 28596 (C:\Users\trezi\Downloads\ProducaoParImparJob-Exercicio\target\classes started by trezi in C:\Users\trezi\Downloads\ProducaoParImparJob-Exercicio)
2023-06-18 23:03:46,564 INFO c.u.p.ProducaoParImparJobApplication [main] No active profile set, falling back to 1 default profile: "default"
2023-06-18 23:03:46,990 INFO o.s.c.a.ConfigurationClassEnhancer [main] @Bean method PropsConfig.config is non-static and returns an object assignable to Spring's BeanFactoryPostProcessor interface. This will result in a failure to process annotations such as @Autowired, @Resource and @PostConstruct within the method's declaring @Configuration class. Add the 'static' modifier to this method to avoid these container lifecycle issues; see @Bean javadoc for complete details.
2023-06-18 23:03:47,154 INFO c.z.h.HikariDataSource [main] HikariPool-1 - Starting...
2023-06-18 23:03:47,538 INFO c.z.h.p.HikariPool [main] HikariPool-1 - Added connection com.mysql.cj.jdbc.ConnectionImpl@48f4713c
2023-06-18 23:03:47,539 INFO c.z.h.HikariDataSource [main] HikariPool-1 - Start completed.
2023-06-18 23:03:47,657 WARN o.s.c.a.AnnotationConfigApplicationContext [main] Exception encountered during context initialization - cancelling refresh attempt: org.springframework.beans.factory.UnsatisfiedDependencyException: Error creating bean with name 'imprimeParImparJob' defined in class path resource [com/udemy/parimparjob/job/ParImparJobConfig.class]: Unsatisfied dependency expressed through method 'imprimeParImparJob' parameter 1: Error creating bean with name 'ImprimeParImparStep' defined in class path resource [com/udemy/parimparjob/step/ParImparStepConfig.class]: Unsatisfied dependency expressed through method 'ImprimeParImparStep' parameter 4: No qualifying bean of type 'org.springframework.batch.item.ItemWriter<?>' available: expected at least 1 bean which qualifies as autowire candidate. Dependency annotations: {}
2023-06-18 23:03:47,657 INFO c.z.h.HikariDataSource [main] HikariPool-1 - Shutdown initiated...
2023-06-18 23:03:47,695 INFO c.z.h.HikariDataSource [main] HikariPool-1 - Shutdown completed.
2023-06-18 23:04:47,869 INFO c.u.p.ProducaoParImparJobApplication [main] Starting ProducaoParImparJobApplication using Java 17.0.7 with PID 39876 (C:\Users\trezi\Downloads\ProducaoParImparJob-Exercicio\target\classes started by trezi in C:\Users\trezi\Downloads\ProducaoParImparJob-Exercicio)
2023-06-18 23:04:47,876 INFO c.u.p.ProducaoParImparJobApplication [main] No active profile set, falling back to 1 default profile: "default"
2023-06-18 23:04:48,343 INFO o.s.c.a.ConfigurationClassEnhancer [main] @Bean method PropsConfig.config is non-static and returns an object assignable to Spring's BeanFactoryPostProcessor interface. This will result in a failure to process annotations such as @Autowired, @Resource and @PostConstruct within the method's declaring @Configuration class. Add the 'static' modifier to this method to avoid these container lifecycle issues; see @Bean javadoc for complete details.
2023-06-18 23:04:48,498 INFO c.z.h.HikariDataSource [main] HikariPool-1 - Starting...
2023-06-18 23:04:48,857 INFO c.z.h.p.HikariPool [main] HikariPool-1 - Added connection com.mysql.cj.jdbc.ConnectionImpl@b34832b
2023-06-18 23:04:48,858 INFO c.z.h.HikariDataSource [main] HikariPool-1 - Start completed.
2023-06-18 23:04:48,984 WARN o.s.c.a.AnnotationConfigApplicationContext [main] Exception encountered during context initialization - cancelling refresh attempt: org.springframework.beans.factory.UnsatisfiedDependencyException: Error creating bean with name 'imprimeParImparJob' defined in class path resource [com/udemy/parimparjob/job/ParImparJobConfig.class]: Unsatisfied dependency expressed through method 'imprimeParImparJob' parameter 1: Error creating bean with name 'ImprimeParImparStep' defined in class path resource [com/udemy/parimparjob/step/ParImparStepConfig.class]: Unsatisfied dependency expressed through method 'ImprimeParImparStep' parameter 4: No qualifying bean of type 'org.springframework.batch.item.ItemWriter<?>' available: expected at least 1 bean which qualifies as autowire candidate. Dependency annotations: {}
2023-06-18 23:04:48,985 INFO c.z.h.HikariDataSource [main] HikariPool-1 - Shutdown initiated...
2023-06-18 23:04:49,005 INFO c.z.h.HikariDataSource [main] HikariPool-1 - Shutdown completed.
2023-06-18 23:09:55,730 INFO c.u.p.ProducaoParImparJobApplication [main] Starting ProducaoParImparJobApplication using Java 17.0.7 with PID 44588 (C:\Users\trezi\Downloads\ProducaoParImparJob-Exercicio\target\classes started by trezi in C:\Users\trezi\Downloads\ProducaoParImparJob-Exercicio)
2023-06-18 23:09:55,733 INFO c.u.p.ProducaoParImparJobApplication [main] No active profile set, falling back to 1 default profile: "default"
2023-06-18 23:09:56,146 INFO o.s.c.a.ConfigurationClassEnhancer [main] @Bean method PropsConfig.config is non-static and returns an object assignable to Spring's BeanFactoryPostProcessor interface. This will result in a failure to process annotations such as @Autowired, @Resource and @PostConstruct within the method's declaring @Configuration class. Add the 'static' modifier to this method to avoid these container lifecycle issues; see @Bean javadoc for complete details.
2023-06-18 23:09:56,279 INFO c.z.h.HikariDataSource [main] HikariPool-1 - Starting...
2023-06-18 23:09:56,630 INFO c.z.h.p.HikariPool [main] HikariPool-1 - Added connection com.mysql.cj.jdbc.ConnectionImpl@48f4713c
2023-06-18 23:09:56,631 INFO c.z.h.HikariDataSource [main] HikariPool-1 - Start completed.
2023-06-18 23:09:56,750 WARN o.s.c.a.AnnotationConfigApplicationContext [main] Exception encountered during context initialization - cancelling refresh attempt: org.springframework.beans.factory.UnsatisfiedDependencyException: Error creating bean with name 'imprimeParImparJob' defined in class path resource [com/udemy/parimparjob/job/ParImparJobConfig.class]: Unsatisfied dependency expressed through method 'imprimeParImparJob' parameter 1: Error creating bean with name 'ImprimeParImparStep' defined in class path resource [com/udemy/parimparjob/step/ParImparStepConfig.class]: Unsatisfied dependency expressed through method 'ImprimeParImparStep' parameter 4: No qualifying bean of type 'org.springframework.batch.item.ItemWriter<?>' available: expected at least 1 bean which qualifies as autowire candidate. Dependency annotations: {}
2023-06-18 23:09:56,751 INFO c.z.h.HikariDataSource [main] HikariPool-1 - Shutdown initiated...
2023-06-18 23:09:56,790 INFO c.z.h.HikariDataSource [main] HikariPool-1 - Shutdown completed.
2023-06-18 23:10:13,279 INFO c.u.p.ProducaoParImparJobApplication [main] Starting ProducaoParImparJobApplication using Java 17.0.7 with PID 25696 (C:\Users\trezi\Downloads\ProducaoParImparJob-Exercicio\target\classes started by trezi in C:\Users\trezi\Downloads\ProducaoParImparJob-Exercicio)
2023-06-18 23:10:13,282 INFO c.u.p.ProducaoParImparJobApplication [main] No active profile set, falling back to 1 default profile: "default"
2023-06-18 23:10:13,702 INFO o.s.c.a.ConfigurationClassEnhancer [main] @Bean method PropsConfig.config is non-static and returns an object assignable to Spring's BeanFactoryPostProcessor interface. This will result in a failure to process annotations such as @Autowired, @Resource and @PostConstruct within the method's declaring @Configuration class. Add the 'static' modifier to this method to avoid these container lifecycle issues; see @Bean javadoc for complete details.
2023-06-18 23:10:13,835 INFO c.z.h.HikariDataSource [main] HikariPool-1 - Starting...
2023-06-18 23:10:14,150 INFO c.z.h.p.HikariPool [main] HikariPool-1 - Added connection com.mysql.cj.jdbc.ConnectionImpl@b34832b
2023-06-18 23:10:14,151 INFO c.z.h.HikariDataSource [main] HikariPool-1 - Start completed.
2023-06-18 23:10:14,413 INFO c.u.p.ProducaoParImparJobApplication [main] Started ProducaoParImparJobApplication in 1.47 seconds (process running for 1.953)
2023-06-18 23:10:14,592 INFO o.s.b.c.l.s.SimpleJobLauncher [main] Job: [SimpleJob: [name=imprimeParImparJob]] launched with the following parameters: [{'run.id':'{value=10, type=class java.lang.Long, identifying=true}'}]
2023-06-18 23:10:14,646 INFO o.s.b.c.j.SimpleStepHandler [main] Executing step: [imprimeParImparStep]
2023-06-18 23:10:14,847 INFO o.s.b.c.s.AbstractStep [main] Step: [imprimeParImparStep] executed in 200ms
2023-06-18 23:10:14,889 INFO o.s.b.c.l.s.SimpleJobLauncher [main] Job: [SimpleJob: [name=imprimeParImparJob]] completed with the following parameters: [{'run.id':'{value=10, type=class java.lang.Long, identifying=true}'}] and the following status: [COMPLETED] in 273ms
2023-06-18 23:10:14,894 INFO c.z.h.HikariDataSource [SpringApplicationShutdownHook] HikariPool-1 - Shutdown initiated...
2023-06-18 23:10:14,910 INFO c.z.h.HikariDataSource [SpringApplicationShutdownHook] HikariPool-1 - Shutdown completed.
